\BOOKMARK [0][]{Cover.0}{Cover}{}% 1
\BOOKMARK [0][]{Titlepage.0}{Titlepage}{}% 2
\BOOKMARK [0][]{Abstract.0}{Abstract}{}% 3
\BOOKMARK [0][]{chapter.1}{1 Einleitung}{}% 4
\BOOKMARK [1][]{section*.4}{1.1 Problemstellung dieser Arbeit}{chapter.1}% 5
\BOOKMARK [1][]{section*.5}{1.2 Part-of-Speech-Tagging allgemein}{chapter.1}% 6
\BOOKMARK [2][]{section*.6}{1.2.1 Tagset}{section*.5}% 7
\BOOKMARK [2][]{section*.7}{1.2.2 Korpus und Treebank}{section*.5}% 8
\BOOKMARK [1][]{section*.8}{1.3 Aufbau der Arbeit}{chapter.1}% 9
\BOOKMARK [0][]{chapter.2}{2 Verwandte Arbeiten}{}% 10
\BOOKMARK [1][]{section*.10}{2.1 Stanford Tagger}{chapter.2}% 11
\BOOKMARK [1][]{section*.11}{2.2 P. Paroubek: Evaluating Part-of-Speech Tagging and Parsing}{chapter.2}% 12
\BOOKMARK [0][]{chapter.3}{3 Konzept}{}% 13
\BOOKMARK [1][]{section*.14}{3.1 Sequenzierung}{chapter.3}% 14
\BOOKMARK [2][]{section*.15}{3.1.1 Tokenization-Unterschiede}{section*.14}% 15
\BOOKMARK [2][]{section*.16}{3.1.2 Externe Tokenization}{section*.14}% 16
\BOOKMARK [1][]{section*.17}{3.2 Ergebnisformat}{chapter.3}% 17
\BOOKMARK [1][]{section*.18}{3.3 Parsing}{chapter.3}% 18
\BOOKMARK [1][]{section*.19}{3.4 Evaluation}{chapter.3}% 19
\BOOKMARK [2][]{section*.20}{3.4.1 Per-Tag-Accuracy}{section*.19}% 20
\BOOKMARK [2][]{section*.21}{3.4.2 Per-Sentence-Accuracy}{section*.19}% 21
\BOOKMARK [2][]{section*.22}{3.4.3 Confusion Matrix und daraus resultierende Metriken}{section*.19}% 22
\BOOKMARK [0][]{chapter.4}{4 Implementierung}{}% 23
\BOOKMARK [1][]{section*.25}{4.1 RapidMiner}{chapter.4}% 24
\BOOKMARK [1][]{section*.26}{4.2 Ziele}{chapter.4}% 25
\BOOKMARK [2][]{section*.27}{4.2.1 Erweiterbarkeit}{section*.26}% 26
\BOOKMARK [2][]{section*.28}{4.2.2 Robustheit}{section*.26}% 27
\BOOKMARK [1][]{section*.29}{4.3 \334bersicht}{chapter.4}% 28
\BOOKMARK [1][]{section*.31}{4.4 Tagsets}{chapter.4}% 29
\BOOKMARK [1][]{section*.32}{4.5 Eingabe und Tokenization}{chapter.4}% 30
\BOOKMARK [1][]{section*.33}{4.6 Ergebnisformat}{chapter.4}% 31
\BOOKMARK [1][]{section*.34}{4.7 Implementierte Tagger}{chapter.4}% 32
\BOOKMARK [1][]{section*.35}{4.8 Evaluations-Operator}{chapter.4}% 33
\BOOKMARK [2][]{section*.36}{4.8.1 Parsing}{section*.35}% 34
\BOOKMARK [1][]{section*.37}{4.9 Conclusion}{chapter.4}% 35
\BOOKMARK [0][]{chapter.5}{5 Evaluation}{}% 36
\BOOKMARK [1][]{section*.40}{5.1 Goldstandard-Korpus}{chapter.5}% 37
\BOOKMARK [1][]{section*.41}{5.2 Concepts Section 2}{chapter.5}% 38
\BOOKMARK [1][]{section*.42}{5.3 Concepts Section 3}{chapter.5}% 39
\BOOKMARK [1][]{section*.43}{5.4 Conclusion}{chapter.5}% 40
\BOOKMARK [0][]{chapter.6}{6 Conclusion}{}% 41
\BOOKMARK [1][]{section*.45}{6.1 System Section 1}{chapter.6}% 42
\BOOKMARK [1][]{section*.46}{6.2 System Section 2}{chapter.6}% 43
\BOOKMARK [1][]{section*.47}{6.3 Future Work}{chapter.6}% 44
\BOOKMARK [0][]{Declaration.0}{Declaration}{}% 45
